生成启动时间为 2014-6-30 23:27:19。
     1>项目“E:\Zhroc\googlecode\SSS\win32_vc9\SSS_vc10\SSS_vc10.vcxproj”在节点 2 上(build 个目标)。
     1>InitializeBuildStatus:
         正在对“Debug\SSS_vc10.unsuccessfulbuild”执行 Touch 任务。
       ClCompile:
         d:\Program Files\Microsoft Visual Studio 10.0\VC\bin\CL.exe /c /ZI /nologo /W3 /WX- /Od /Oy- /D WIN32 /D _DEBUG /D _CONSOLE /D _UNICODE /D UNICODE /Gm /EHsc /RTC1 /MDd /GS /fp:precise /Zc:wchar_t /Zc:forScope /Fo"Debug\\" /Fd"Debug\vc100.pdb" /Gd /TC /analyze- /errorReport:prompt ..\..\src\sss.c
         sss.c
       ManifestResourceCompile:
         C:\Program Files\Microsoft SDKs\Windows\v7.0A\bin\rc.exe /nologo /fo"Debug\SSS_vc10.exe.embed.manifest.res" Debug\SSS_vc10_manifest.rc 
       Link:
         d:\Program Files\Microsoft Visual Studio 10.0\VC\bin\link.exe /ERRORREPORT:PROMPT /OUT:"E:\Zhroc\googlecode\SSS\win32_vc9\SSS_vc10\Debug\SSS_vc10.exe" /INCREMENTAL /NOLOGO kernel32.lib user32.lib gdi32.lib winspool.lib comdlg32.lib advapi32.lib shell32.lib ole32.lib oleaut32.lib uuid.lib odbc32.lib odbccp32.lib /MANIFEST /ManifestFile:"Debug\SSS_vc10.exe.intermediate.manifest" /MANIFESTUAC:"level='asInvoker' uiAccess='false'" /DEBUG /PDB:"E:\Zhroc\googlecode\SSS\win32_vc9\SSS_vc10\Debug\SSS_vc10.pdb" /SUBSYSTEM:CONSOLE /TLBID:1 /DYNAMICBASE /NXCOMPAT /IMPLIB:"E:\Zhroc\googlecode\SSS\win32_vc9\SSS_vc10\Debug\SSS_vc10.lib" /MACHINE:X86 Debug\SSS_vc10.exe.embed.manifest.res
         Debug\sss.obj
       Manifest:
         C:\Program Files\Microsoft SDKs\Windows\v7.0A\bin\mt.exe /nologo /verbose /out:"Debug\SSS_vc10.exe.embed.manifest" /manifest Debug\SSS_vc10.exe.intermediate.manifest
         C:\Program Files\Microsoft SDKs\Windows\v7.0A\bin\rc.exe /nologo /fo"Debug\SSS_vc10.exe.embed.manifest.res" Debug\SSS_vc10_manifest.rc 
       LinkEmbedManifest:
         d:\Program Files\Microsoft Visual Studio 10.0\VC\bin\link.exe /ERRORREPORT:PROMPT /OUT:"E:\Zhroc\googlecode\SSS\win32_vc9\SSS_vc10\Debug\SSS_vc10.exe" /INCREMENTAL /NOLOGO kernel32.lib user32.lib gdi32.lib winspool.lib comdlg32.lib advapi32.lib shell32.lib ole32.lib oleaut32.lib uuid.lib odbc32.lib odbccp32.lib /MANIFEST /ManifestFile:"Debug\SSS_vc10.exe.intermediate.manifest" /MANIFESTUAC:"level='asInvoker' uiAccess='false'" /DEBUG /PDB:"E:\Zhroc\googlecode\SSS\win32_vc9\SSS_vc10\Debug\SSS_vc10.pdb" /SUBSYSTEM:CONSOLE /TLBID:1 /DYNAMICBASE /NXCOMPAT /IMPLIB:"E:\Zhroc\googlecode\SSS\win32_vc9\SSS_vc10\Debug\SSS_vc10.lib" /MACHINE:X86 Debug\SSS_vc10.exe.embed.manifest.res
         Debug\sss.obj
         SSS_vc10.vcxproj -> E:\Zhroc\googlecode\SSS\win32_vc9\SSS_vc10\Debug\SSS_vc10.exe
       FinalizeBuildStatus:
         正在删除文件“Debug\SSS_vc10.unsuccessfulbuild”。
         正在对“Debug\SSS_vc10.lastbuildstate”执行 Touch 任务。
     1>已完成生成项目“E:\Zhroc\googlecode\SSS\win32_vc9\SSS_vc10\SSS_vc10.vcxproj”(build 个目标)的操作。

生成成功。

已用时间 00:00:03.51
